<?xml version="1.0" encoding="UTF-8"?>
<!-- Generated by org.testng.reporters.JUnitXMLReporter -->
<testsuite ignored="0" hostname="LAPTOP-AI3QPM7S" failures="1" tests="1" name="Find public facility" time="7.236" errors="0" timestamp="2024-09-11T07:03:32 WIB">
  <testcase classname="testCases.FindPublicFacility" name="findMedicalLocation" time="7.201">
    <failure type="java.lang.AssertionError" message="Images are not matched expected [true] but found [false]">
      <![CDATA[java.lang.AssertionError: Images are not matched expected [true] but found [false]
at pages.MapLocationPage.findMedicalLocation(MapLocationPage.java:144)
at testCases.FindPublicFacility.findMedicalLocation(FindPublicFacility.java:27)
at java.base/java.util.ArrayList.forEach(ArrayList.java:1597)
at java.base/java.util.concurrent.FutureTask.run(FutureTask.java:317)
at java.base/java.util.concurrent.ThreadPoolExecutor.runWorker(ThreadPoolExecutor.java:1144)
at java.base/java.util.concurrent.ThreadPoolExecutor$Worker.run(ThreadPoolExecutor.java:642)
at java.base/java.lang.Thread.run(Thread.java:1570)
... Removed 21 stack frames]]>
    </failure>
  </testcase> <!-- findMedicalLocation -->
</testsuite> <!-- Find public facility -->
