<?xml version="1.0" encoding="UTF-8"?>
<!-- Generated by org.testng.reporters.JUnitXMLReporter -->
<testsuite ignored="1" hostname="LAPTOP-AI3QPM7S" failures="0" tests="5" name="Search Location" time="48.795" errors="0" timestamp="2024-09-11T07:02:53 WIB">
  <testcase classname="testCases.SearchLocation" name="searchLocation" time="9.76"/>
  <testcase classname="testCases.SearchLocation" name="searchLocation" time="9.287"/>
  <testcase classname="testCases.SearchLocation" name="searchLocation" time="9.562"/>
  <testcase classname="testCases.SearchLocation" name="searchLocation" time="9.378"/>
  <testcase classname="testCases.SearchLocation" name="dragLocation" time="10.172"/>
  <testcase classname="testCases.SearchLocation" name="getMyLocation" time="0.0">
    <ignored/>
  </testcase> <!-- getMyLocation -->
</testsuite> <!-- Search Location -->
