<?xml version="1.0" encoding="UTF-8"?>
<!-- Generated by org.testng.reporters.JUnitXMLReporter -->
<testsuite ignored="1" hostname="LAPTOP-AI3QPM7S" failures="0" tests="5" name="Search Location" time="51.08" errors="0" timestamp="2024-09-10T19:59:18 WIB">
  <testcase classname="testCases.SearchLocation" name="searchLocation" time="10.529"/>
  <testcase classname="testCases.SearchLocation" name="searchLocation" time="9.603"/>
  <testcase classname="testCases.SearchLocation" name="searchLocation" time="10.07"/>
  <testcase classname="testCases.SearchLocation" name="searchLocation" time="9.717"/>
  <testcase classname="testCases.SearchLocation" name="dragLocation" time="9.757"/>
  <testcase classname="testCases.SearchLocation" name="getMyLocation" time="0.0">
    <ignored/>
  </testcase> <!-- getMyLocation -->
</testsuite> <!-- Search Location -->
