<?xml version="1.0" encoding="UTF-8"?>
<!-- Generated by org.testng.reporters.JUnitXMLReporter -->
<testsuite ignored="0" hostname="LAPTOP-AI3QPM7S" failures="1" tests="1" name="Draw Tool" time="9.516" errors="0" timestamp="2024-09-10T15:59:25 WIB">
  <testcase classname="testCases.MeasureDistance" name="drawLine" time="9.504">
    <failure type="java.lang.AssertionError" message="The following asserts failed:
	Images are not matched expected [true] but found [false]">
      <![CDATA[java.lang.AssertionError: The following asserts failed:
Images are not matched expected [true] but found [false]
at pages.MapLocationPage.drawLine(MapLocationPage.java:130)
at testCases.MeasureDistance.drawLine(MeasureDistance.java:35)
at java.base/java.util.ArrayList.forEach(ArrayList.java:1597)
at java.base/java.util.concurrent.FutureTask.run(FutureTask.java:317)
at java.base/java.util.concurrent.ThreadPoolExecutor.runWorker(ThreadPoolExecutor.java:1144)
at java.base/java.util.concurrent.ThreadPoolExecutor$Worker.run(ThreadPoolExecutor.java:642)
at java.base/java.lang.Thread.run(Thread.java:1570)
... Removed 17 stack frames]]>
    </failure>
  </testcase> <!-- drawLine -->
</testsuite> <!-- Draw Tool -->
