<?xml version="1.0" encoding="UTF-8"?>
<!-- Generated by org.testng.reporters.JUnitXMLReporter -->
<testsuite ignored="1" hostname="LAPTOP-AI3QPM7S" failures="1" tests="5" name="Search Location" time="56.552" errors="0" timestamp="2024-09-11T07:24:29 WIB">
  <testcase classname="testCases.SearchLocation" name="searchLocation" time="10.611"/>
  <testcase classname="testCases.SearchLocation" name="searchLocation" time="10.064"/>
  <testcase classname="testCases.SearchLocation" name="searchLocation" time="10.163"/>
  <testcase classname="testCases.SearchLocation" name="searchLocation" time="9.701"/>
  <testcase classname="testCases.SearchLocation" name="dragLocation" time="14.722">
    <failure type="java.lang.AssertionError" message="Images are not matched expected [true] but found [false]">
      <![CDATA[java.lang.AssertionError: Images are not matched expected [true] but found [false]
at pages.MapLocationPage.dragLocation(MapLocationPage.java:92)
at testCases.SearchLocation.dragLocation(SearchLocation.java:47)
at java.base/java.util.ArrayList.forEach(ArrayList.java:1597)
at java.base/java.util.concurrent.FutureTask.run(FutureTask.java:317)
at java.base/java.util.concurrent.ThreadPoolExecutor.runWorker(ThreadPoolExecutor.java:1144)
at java.base/java.util.concurrent.ThreadPoolExecutor$Worker.run(ThreadPoolExecutor.java:642)
at java.base/java.lang.Thread.run(Thread.java:1570)
... Removed 21 stack frames]]>
    </failure>
  </testcase> <!-- dragLocation -->
  <testcase classname="testCases.SearchLocation" name="getMyLocation" time="0.0">
    <ignored/>
  </testcase> <!-- getMyLocation -->
</testsuite> <!-- Search Location -->
