<?xml version="1.0" encoding="UTF-8"?>
<testng-results ignored="0" total="9" passed="8" failed="1" skipped="0">
  <reporter-output>
  </reporter-output>
  <suite started-at="2024-09-11T07:23:32 WIB" name="MySuite" finished-at="2024-09-11T07:25:10 WIB" duration-ms="97534">
    <groups>
    </groups>
    <test started-at="2024-09-11T07:23:32 WIB" name="Search Location" finished-at="2024-09-11T07:24:29 WIB" duration-ms="56552">
      <class name="testCases.SearchLocation">
        <test-method is-config="true" signature="setUpBeforeClass()[pri:0, instance:testCases.SearchLocation@4135c3b]" started-at="2024-09-11T07:23:33 WIB" name="setUpBeforeClass" finished-at="2024-09-11T07:23:33 WIB" duration-ms="35" status="PASS">
          <reporter-output>
          </reporter-output>
        </test-method> <!-- setUpBeforeClass -->
        <test-method signature="searchLocation(java.lang.String)[pri:0, instance:testCases.SearchLocation@4135c3b]" started-at="2024-09-11T07:23:34 WIB" name="searchLocation" data-provider="data" finished-at="2024-09-11T07:23:44 WIB" duration-ms="10611" status="PASS">
          <params>
            <param index="0">
              <value>
                <![CDATA[UOB WEST MALL]]>
              </value>
            </param>
          </params>
          <reporter-output>
          </reporter-output>
        </test-method> <!-- searchLocation -->
        <test-method signature="searchLocation(java.lang.String)[pri:0, instance:testCases.SearchLocation@4135c3b]" started-at="2024-09-11T07:23:44 WIB" name="searchLocation" data-provider="data" finished-at="2024-09-11T07:23:54 WIB" duration-ms="10064" status="PASS">
          <params>
            <param index="0">
              <value>
                <![CDATA[BUKIT BATOK FIRE STATION]]>
              </value>
            </param>
          </params>
          <reporter-output>
          </reporter-output>
        </test-method> <!-- searchLocation -->
        <test-method signature="searchLocation(java.lang.String)[pri:0, instance:testCases.SearchLocation@4135c3b]" started-at="2024-09-11T07:23:54 WIB" name="searchLocation" data-provider="data" finished-at="2024-09-11T07:24:05 WIB" duration-ms="10163" status="PASS">
          <params>
            <param index="0">
              <value>
                <![CDATA[ASIAN CIVILISATIONS MUSEUM]]>
              </value>
            </param>
          </params>
          <reporter-output>
          </reporter-output>
        </test-method> <!-- searchLocation -->
        <test-method signature="searchLocation(java.lang.String)[pri:0, instance:testCases.SearchLocation@4135c3b]" started-at="2024-09-11T07:24:05 WIB" name="searchLocation" data-provider="data" finished-at="2024-09-11T07:24:14 WIB" duration-ms="9701" status="PASS">
          <params>
            <param index="0">
              <value>
                <![CDATA[MERLION JETTY]]>
              </value>
            </param>
          </params>
          <reporter-output>
          </reporter-output>
        </test-method> <!-- searchLocation -->
        <test-method signature="dragLocation()[pri:0, instance:testCases.SearchLocation@4135c3b]" started-at="2024-09-11T07:24:14 WIB" name="dragLocation" finished-at="2024-09-11T07:24:29 WIB" duration-ms="14722" status="FAIL">
          <exception class="java.lang.AssertionError">
            <message>
              <![CDATA[Images are not matched expected [true] but found [false]]]>
            </message>
            <full-stacktrace>
              <![CDATA[java.lang.AssertionError: Images are not matched expected [true] but found [false]
at org.testng.Assert.fail(Assert.java:111)
at org.testng.Assert.failNotEquals(Assert.java:1578)
at org.testng.Assert.assertEqualsImpl(Assert.java:150)
at org.testng.Assert.assertEquals(Assert.java:132)
at org.testng.Assert.assertEquals(Assert.java:1067)
at org.testng.Assert.assertEquals(Assert.java:1031)
at pages.MapLocationPage.dragLocation(MapLocationPage.java:92)
at testCases.SearchLocation.dragLocation(SearchLocation.java:47)
at java.base/jdk.internal.reflect.DirectMethodHandleAccessor.invoke(DirectMethodHandleAccessor.java:103)
at java.base/java.lang.reflect.Method.invoke(Method.java:580)
at org.testng.internal.invokers.MethodInvocationHelper.invokeMethod(MethodInvocationHelper.java:141)
at org.testng.internal.invokers.TestInvoker.invokeMethod(TestInvoker.java:686)
at org.testng.internal.invokers.TestInvoker.invokeTestMethod(TestInvoker.java:230)
at org.testng.internal.invokers.MethodRunner.runInSequence(MethodRunner.java:63)
at org.testng.internal.invokers.TestInvoker$MethodInvocationAgent.invoke(TestInvoker.java:992)
at org.testng.internal.invokers.TestInvoker.invokeTestMethods(TestInvoker.java:203)
at org.testng.internal.invokers.TestMethodWorker.invokeTestMethods(TestMethodWorker.java:154)
at org.testng.internal.invokers.TestMethodWorker.run(TestMethodWorker.java:134)
at java.base/java.util.ArrayList.forEach(ArrayList.java:1597)
at org.testng.TestRunner.privateRun(TestRunner.java:739)
at org.testng.TestRunner.run(TestRunner.java:614)
at org.testng.SuiteRunner.runTest(SuiteRunner.java:421)
at org.testng.SuiteRunner$SuiteWorker.run(SuiteRunner.java:463)
at org.testng.internal.thread.ThreadUtil.lambda$execute$0(ThreadUtil.java:64)
at java.base/java.util.concurrent.FutureTask.run(FutureTask.java:317)
at java.base/java.util.concurrent.ThreadPoolExecutor.runWorker(ThreadPoolExecutor.java:1144)
at java.base/java.util.concurrent.ThreadPoolExecutor$Worker.run(ThreadPoolExecutor.java:642)
at java.base/java.lang.Thread.run(Thread.java:1570)
]]>
            </full-stacktrace>
          </exception> <!-- java.lang.AssertionError -->
          <reporter-output>
          </reporter-output>
        </test-method> <!-- dragLocation -->
      </class> <!-- testCases.SearchLocation -->
    </test> <!-- Search Location -->
    <test started-at="2024-09-11T07:24:29 WIB" name="Draw Tool" finished-at="2024-09-11T07:24:42 WIB" duration-ms="12457">
      <class name="testCases.MeasureDistance">
        <test-method is-config="true" signature="setUpBeforeClass()[pri:0, instance:testCases.MeasureDistance@5542c4ed]" started-at="2024-09-11T07:24:29 WIB" name="setUpBeforeClass" finished-at="2024-09-11T07:24:29 WIB" duration-ms="8" status="PASS">
          <reporter-output>
          </reporter-output>
        </test-method> <!-- setUpBeforeClass -->
        <test-method signature="drawLine()[pri:0, instance:testCases.MeasureDistance@5542c4ed]" started-at="2024-09-11T07:24:29 WIB" name="drawLine" finished-at="2024-09-11T07:24:42 WIB" duration-ms="12441" status="PASS">
          <reporter-output>
          </reporter-output>
        </test-method> <!-- drawLine -->
      </class> <!-- testCases.MeasureDistance -->
    </test> <!-- Draw Tool -->
    <test started-at="2024-09-11T07:24:42 WIB" name="Test zoom in and zoom out" finished-at="2024-09-11T07:25:03 WIB" duration-ms="21049">
      <class name="testCases.ZoomInOut">
        <test-method signature="zoomIn()[pri:0, instance:testCases.ZoomInOut@dd05255]" started-at="2024-09-11T07:24:42 WIB" name="zoomIn" finished-at="2024-09-11T07:24:52 WIB" duration-ms="9917" status="PASS">
          <reporter-output>
          </reporter-output>
        </test-method> <!-- zoomIn -->
        <test-method is-config="true" signature="setUpBeforeClass()[pri:0, instance:testCases.ZoomInOut@dd05255]" started-at="2024-09-11T07:24:42 WIB" name="setUpBeforeClass" finished-at="2024-09-11T07:24:42 WIB" duration-ms="0" status="PASS">
          <reporter-output>
          </reporter-output>
        </test-method> <!-- setUpBeforeClass -->
        <test-method signature="zoomOut()[pri:0, instance:testCases.ZoomInOut@dd05255]" started-at="2024-09-11T07:24:52 WIB" name="zoomOut" finished-at="2024-09-11T07:25:03 WIB" duration-ms="11110" status="PASS">
          <reporter-output>
          </reporter-output>
        </test-method> <!-- zoomOut -->
      </class> <!-- testCases.ZoomInOut -->
    </test> <!-- Test zoom in and zoom out -->
    <test started-at="2024-09-11T07:25:03 WIB" name="Find public facility" finished-at="2024-09-11T07:25:10 WIB" duration-ms="6897">
      <class name="testCases.FindPublicFacility">
        <test-method is-config="true" signature="startBrowser(java.lang.String,java.lang.String,java.lang.String)[pri:0, instance:testCases.FindPublicFacility@3fc2959f]" started-at="2024-09-11T07:23:27 WIB" name="startBrowser" finished-at="2024-09-11T07:23:32 WIB" duration-ms="5224" status="PASS">
          <params>
            <param index="0">
              <value>
                <![CDATA[chrome]]>
              </value>
            </param>
            <param index="1">
              <value>
                <![CDATA[false]]>
              </value>
            </param>
            <param index="2">
              <value>
                <![CDATA[https://www.onemap.gov.sg/]]>
              </value>
            </param>
          </params>
          <reporter-output>
          </reporter-output>
        </test-method> <!-- startBrowser -->
        <test-method is-config="true" signature="setUpBeforeClass()[pri:0, instance:testCases.FindPublicFacility@3fc2959f]" started-at="2024-09-11T07:25:03 WIB" name="setUpBeforeClass" finished-at="2024-09-11T07:25:03 WIB" duration-ms="24" status="PASS">
          <reporter-output>
          </reporter-output>
        </test-method> <!-- setUpBeforeClass -->
        <test-method signature="findMedicalLocation()[pri:0, instance:testCases.FindPublicFacility@3fc2959f]" started-at="2024-09-11T07:25:03 WIB" name="findMedicalLocation" finished-at="2024-09-11T07:25:10 WIB" duration-ms="6860" status="PASS">
          <reporter-output>
          </reporter-output>
        </test-method> <!-- findMedicalLocation -->
        <test-method is-config="true" signature="quitDriver()[pri:0, instance:testCases.FindPublicFacility@3fc2959f]" started-at="2024-09-11T07:25:10 WIB" name="quitDriver" finished-at="2024-09-11T07:25:11 WIB" duration-ms="719" status="PASS">
          <reporter-output>
          </reporter-output>
        </test-method> <!-- quitDriver -->
      </class> <!-- testCases.FindPublicFacility -->
    </test> <!-- Find public facility -->
  </suite> <!-- MySuite -->
</testng-results>
