<?xml version="1.0" encoding="UTF-8"?>
<testng-results ignored="0" total="8" passed="8" failed="0" skipped="0">
  <reporter-output>
  </reporter-output>
  <suite started-at="2024-09-10T19:58:27 WIB" name="MySuite" finished-at="2024-09-10T19:59:45 WIB" duration-ms="78860">
    <groups>
    </groups>
    <test started-at="2024-09-10T19:58:27 WIB" name="Search Location" finished-at="2024-09-10T19:59:18 WIB" duration-ms="51080">
      <class name="testCases.SearchLocation">
        <test-method is-config="true" signature="setUpBeforeClass()[pri:0, instance:testCases.SearchLocation@b3ca52e]" started-at="2024-09-10T19:58:27 WIB" name="setUpBeforeClass" finished-at="2024-09-10T19:58:27 WIB" duration-ms="42" status="PASS">
          <reporter-output>
          </reporter-output>
        </test-method> <!-- setUpBeforeClass -->
        <test-method signature="searchLocation(java.lang.String)[pri:0, instance:testCases.SearchLocation@b3ca52e]" started-at="2024-09-10T19:58:28 WIB" name="searchLocation" data-provider="data" finished-at="2024-09-10T19:58:38 WIB" duration-ms="10529" status="PASS">
          <params>
            <param index="0">
              <value>
                <![CDATA[UOB WEST MALL]]>
              </value>
            </param>
          </params>
          <reporter-output>
          </reporter-output>
        </test-method> <!-- searchLocation -->
        <test-method signature="searchLocation(java.lang.String)[pri:0, instance:testCases.SearchLocation@b3ca52e]" started-at="2024-09-10T19:58:38 WIB" name="searchLocation" data-provider="data" finished-at="2024-09-10T19:58:48 WIB" duration-ms="9603" status="PASS">
          <params>
            <param index="0">
              <value>
                <![CDATA[BUKIT BATOK FLYOVER]]>
              </value>
            </param>
          </params>
          <reporter-output>
          </reporter-output>
        </test-method> <!-- searchLocation -->
        <test-method signature="searchLocation(java.lang.String)[pri:0, instance:testCases.SearchLocation@b3ca52e]" started-at="2024-09-10T19:58:48 WIB" name="searchLocation" data-provider="data" finished-at="2024-09-10T19:58:58 WIB" duration-ms="10070" status="PASS">
          <params>
            <param index="0">
              <value>
                <![CDATA[ASIAN CIVILISATIONS MUSEUM]]>
              </value>
            </param>
          </params>
          <reporter-output>
          </reporter-output>
        </test-method> <!-- searchLocation -->
        <test-method signature="searchLocation(java.lang.String)[pri:0, instance:testCases.SearchLocation@b3ca52e]" started-at="2024-09-10T19:58:58 WIB" name="searchLocation" data-provider="data" finished-at="2024-09-10T19:59:08 WIB" duration-ms="9717" status="PASS">
          <params>
            <param index="0">
              <value>
                <![CDATA[MERLION JETTY]]>
              </value>
            </param>
          </params>
          <reporter-output>
          </reporter-output>
        </test-method> <!-- searchLocation -->
        <test-method signature="dragLocation()[pri:0, instance:testCases.SearchLocation@b3ca52e]" started-at="2024-09-10T19:59:08 WIB" name="dragLocation" finished-at="2024-09-10T19:59:18 WIB" duration-ms="9757" status="PASS">
          <reporter-output>
          </reporter-output>
        </test-method> <!-- dragLocation -->
      </class> <!-- testCases.SearchLocation -->
    </test> <!-- Search Location -->
    <test started-at="2024-09-10T19:59:18 WIB" name="Draw Tool" finished-at="2024-09-10T19:59:27 WIB" duration-ms="9718">
      <class name="testCases.MeasureDistance">
        <test-method is-config="true" signature="setUpBeforeClass()[pri:0, instance:testCases.MeasureDistance@37271612]" started-at="2024-09-10T19:59:18 WIB" name="setUpBeforeClass" finished-at="2024-09-10T19:59:18 WIB" duration-ms="12" status="PASS">
          <reporter-output>
          </reporter-output>
        </test-method> <!-- setUpBeforeClass -->
        <test-method signature="drawLine()[pri:0, instance:testCases.MeasureDistance@37271612]" started-at="2024-09-10T19:59:18 WIB" name="drawLine" finished-at="2024-09-10T19:59:27 WIB" duration-ms="9682" status="PASS">
          <reporter-output>
          </reporter-output>
        </test-method> <!-- drawLine -->
      </class> <!-- testCases.MeasureDistance -->
    </test> <!-- Draw Tool -->
    <test started-at="2024-09-10T19:59:27 WIB" name="Test zoom in and zoom out" finished-at="2024-09-10T19:59:45 WIB" duration-ms="17952">
      <class name="testCases.ZoomInOut">
        <test-method is-config="true" signature="startBrowser(java.lang.String,java.lang.String,java.lang.String)[pri:0, instance:testCases.ZoomInOut@6ab778a]" started-at="2024-09-10T19:58:21 WIB" name="startBrowser" finished-at="2024-09-10T19:58:26 WIB" duration-ms="5514" status="PASS">
          <params>
            <param index="0">
              <value>
                <![CDATA[chrome]]>
              </value>
            </param>
            <param index="1">
              <value>
                <![CDATA[false]]>
              </value>
            </param>
            <param index="2">
              <value>
                <![CDATA[https://www.onemap.gov.sg/]]>
              </value>
            </param>
          </params>
          <reporter-output>
          </reporter-output>
        </test-method> <!-- startBrowser -->
        <test-method signature="zoomIn()[pri:0, instance:testCases.ZoomInOut@6ab778a]" started-at="2024-09-10T19:59:27 WIB" name="zoomIn" finished-at="2024-09-10T19:59:36 WIB" duration-ms="8903" status="PASS">
          <reporter-output>
          </reporter-output>
        </test-method> <!-- zoomIn -->
        <test-method is-config="true" signature="setUpBeforeClass()[pri:0, instance:testCases.ZoomInOut@6ab778a]" started-at="2024-09-10T19:59:27 WIB" name="setUpBeforeClass" finished-at="2024-09-10T19:59:27 WIB" duration-ms="0" status="PASS">
          <reporter-output>
          </reporter-output>
        </test-method> <!-- setUpBeforeClass -->
        <test-method signature="zoomOut()[pri:0, instance:testCases.ZoomInOut@6ab778a]" started-at="2024-09-10T19:59:36 WIB" name="zoomOut" finished-at="2024-09-10T19:59:45 WIB" duration-ms="9046" status="PASS">
          <reporter-output>
          </reporter-output>
        </test-method> <!-- zoomOut -->
        <test-method is-config="true" signature="quitDriver()[pri:0, instance:testCases.ZoomInOut@6ab778a]" started-at="2024-09-10T19:59:45 WIB" name="quitDriver" finished-at="2024-09-10T19:59:46 WIB" duration-ms="555" status="PASS">
          <reporter-output>
          </reporter-output>
        </test-method> <!-- quitDriver -->
      </class> <!-- testCases.ZoomInOut -->
    </test> <!-- Test zoom in and zoom out -->
  </suite> <!-- MySuite -->
</testng-results>
