<?xml version="1.0" encoding="UTF-8"?>
<!-- Generated by org.testng.reporters.JUnitXMLReporter -->
<testsuite ignored="0" hostname="LAPTOP-AI3QPM7S" failures="0" tests="6" name="Search Location" time="54.908" errors="0" timestamp="2024-09-10T15:59:10 WIB">
  <testcase classname="testCases.SearchLocationByInput" name="searchLocation" time="9.572"/>
  <testcase classname="testCases.SearchLocationByInput" name="searchLocation" time="9.137"/>
  <testcase classname="testCases.SearchLocationByInput" name="searchLocation" time="9.097"/>
  <testcase classname="testCases.SearchLocationByInput" name="searchLocation" time="9.198"/>
  <testcase classname="testCases.SearchLocationByInput" name="dragLocation" time="11.317"/>
  <testcase classname="testCases.SearchLocationByInput" name="getMyLocation" time="6.068"/>
</testsuite> <!-- Search Location -->
